<?xml version="1.0" encoding="UTF-8"?>
<testsuite name="bg.softuni.mobilele.MobileleApplicationTests" tests="1" skipped="0" failures="0" errors="0" timestamp="2023-06-03T14:59:58" hostname="DESKTOP-EMH887U" time="0.145">
  <properties/>
  <testcase name="contextLoads()" classname="bg.softuni.mobilele.MobileleApplicationTests" time="0.145"/>
  <system-out><![CDATA[16:59:53.764 [Test worker] DEBUG org.springframework.test.context.BootstrapUtils - Instantiating CacheAwareContextLoaderDelegate from class [org.springframework.test.context.cache.DefaultCacheAwareContextLoaderDelegate]
16:59:53.772 [Test worker] DEBUG org.springframework.test.context.BootstrapUtils - Instantiating BootstrapContext using constructor [public org.springframework.test.context.support.DefaultBootstrapContext(java.lang.Class,org.springframework.test.context.CacheAwareContextLoaderDelegate)]
16:59:53.795 [Test worker] DEBUG org.springframework.test.context.BootstrapUtils - Instantiating TestContextBootstrapper for test class [bg.softuni.mobilele.MobileleApplicationTests] from class [org.springframework.boot.test.context.SpringBootTestContextBootstrapper]
16:59:53.806 [Test worker] INFO org.springframework.boot.test.context.SpringBootTestContextBootstrapper - Neither @ContextConfiguration nor @ContextHierarchy found for test class [bg.softuni.mobilele.MobileleApplicationTests], using SpringBootContextLoader
16:59:53.809 [Test worker] DEBUG org.springframework.test.context.support.AbstractContextLoader - Did not detect default resource location for test class [bg.softuni.mobilele.MobileleApplicationTests]: class path resource [bg/softuni/mobilele/MobileleApplicationTests-context.xml] does not exist
16:59:53.809 [Test worker] DEBUG org.springframework.test.context.support.AbstractContextLoader - Did not detect default resource location for test class [bg.softuni.mobilele.MobileleApplicationTests]: class path resource [bg/softuni/mobilele/MobileleApplicationTestsContext.groovy] does not exist
16:59:53.809 [Test worker] INFO org.springframework.test.context.support.AbstractContextLoader - Could not detect default resource locations for test class [bg.softuni.mobilele.MobileleApplicationTests]: no resource found for suffixes {-context.xml, Context.groovy}.
16:59:53.811 [Test worker] INFO org.springframework.test.context.support.AnnotationConfigContextLoaderUtils - Could not detect default configuration classes for test class [bg.softuni.mobilele.MobileleApplicationTests]: MobileleApplicationTests does not declare any static, non-private, non-final, nested classes annotated with @Configuration.
16:59:53.844 [Test worker] DEBUG org.springframework.test.context.support.ActiveProfilesUtils - Could not find an 'annotation declaring class' for annotation type [org.springframework.test.context.ActiveProfiles] and class [bg.softuni.mobilele.MobileleApplicationTests]
16:59:53.887 [Test worker] DEBUG org.springframework.context.annotation.ClassPathScanningCandidateComponentProvider - Identified candidate component class: file [C:\Users\yorda\Desktop\Softuni\SprungFundamentalsMay2022\Mobile Projekt\Mobile\build\classes\java\main\bg\softuni\mobilele\MobileleApplication.class]
16:59:53.888 [Test worker] INFO org.springframework.boot.test.context.SpringBootTestContextBootstrapper - Found @SpringBootConfiguration bg.softuni.mobilele.MobileleApplication for test class bg.softuni.mobilele.MobileleApplicationTests
16:59:53.957 [Test worker] DEBUG org.springframework.boot.test.context.SpringBootTestContextBootstrapper - @TestExecutionListeners is not present for class [bg.softuni.mobilele.MobileleApplicationTests]: using defaults.
16:59:53.958 [Test worker] INFO org.springframework.boot.test.context.SpringBootTestContextBootstrapper - Loaded default TestExecutionListener class names from location [META-INF/spring.factories]: [org.springframework.boot.test.autoconfigure.restdocs.RestDocsTestExecutionListener, org.springframework.boot.test.autoconfigure.web.client.MockRestServiceServerResetTestExecutionListener, org.springframework.boot.test.autoconfigure.web.servlet.MockMvcPrintOnlyOnFailureTestExecutionListener, org.springframework.boot.test.autoconfigure.web.servlet.WebDriverTestExecutionListener, org.springframework.boot.test.autoconfigure.webservices.client.MockWebServiceServerTestExecutionListener, org.springframework.boot.test.mock.mockito.MockitoTestExecutionListener, org.springframework.boot.test.mock.mockito.ResetMocksTestExecutionListener, org.springframework.test.context.web.ServletTestExecutionListener, org.springframework.test.context.support.DirtiesContextBeforeModesTestExecutionListener, org.springframework.test.context.event.ApplicationEventsTestExecutionListener, org.springframework.test.context.support.DependencyInjectionTestExecutionListener, org.springframework.test.context.support.DirtiesContextTestExecutionListener, org.springframework.test.context.transaction.TransactionalTestExecutionListener, org.springframework.test.context.jdbc.SqlScriptsTestExecutionListener, org.springframework.test.context.event.EventPublishingTestExecutionListener]
16:59:53.971 [Test worker] INFO org.springframework.boot.test.context.SpringBootTestContextBootstrapper - Using TestExecutionListeners: [org.springframework.test.context.web.ServletTestExecutionListener@625e134e, org.springframework.test.context.support.DirtiesContextBeforeModesTestExecutionListener@72bd06ca, org.springframework.test.context.event.ApplicationEventsTestExecutionListener@89c10b7, org.springframework.boot.test.mock.mockito.MockitoTestExecutionListener@5dbe30be, org.springframework.boot.test.autoconfigure.SpringBootDependencyInjectionTestExecutionListener@4fe89c24, org.springframework.test.context.support.DirtiesContextTestExecutionListener@55795845, org.springframework.test.context.transaction.TransactionalTestExecutionListener@3d08f3f5, org.springframework.test.context.jdbc.SqlScriptsTestExecutionListener@119f1f2a, org.springframework.test.context.event.EventPublishingTestExecutionListener@1a1da881, org.springframework.boot.test.autoconfigure.restdocs.RestDocsTestExecutionListener@5b970f7, org.springframework.boot.test.autoconfigure.web.client.MockRestServiceServerResetTestExecutionListener@7fd4acee, org.springframework.boot.test.autoconfigure.web.servlet.MockMvcPrintOnlyOnFailureTestExecutionListener@165b8a71, org.springframework.boot.test.autoconfigure.web.servlet.WebDriverTestExecutionListener@6175619b, org.springframework.boot.test.autoconfigure.webservices.client.MockWebServiceServerTestExecutionListener@2f058b8a, org.springframework.boot.test.mock.mockito.ResetMocksTestExecutionListener@756cf158]
16:59:53.974 [Test worker] DEBUG org.springframework.test.context.support.AbstractDirtiesContextTestExecutionListener - Before test class: context [DefaultTestContext@76a36b71 testClass = MobileleApplicationTests, testInstance = [null], testMethod = [null], testException = [null], mergedContextConfiguration = [WebMergedContextConfiguration@184497d1 testClass = MobileleApplicationTests, locations = '{}', classes = '{class bg.softuni.mobilele.MobileleApplication}', contextInitializerClasses = '[]', activeProfiles = '{}', propertySourceLocations = '{}', propertySourceProperties = '{org.springframework.boot.test.context.SpringBootTestContextBootstrapper=true}', contextCustomizers = set[org.springframework.boot.test.autoconfigure.actuate.metrics.MetricsExportContextCustomizerFactory$DisableMetricExportContextCustomizer@7ac0e420, org.springframework.boot.test.autoconfigure.properties.PropertyMappingContextCustomizer@0, org.springframework.boot.test.autoconfigure.web.servlet.WebDriverContextCustomizerFactory$Customizer@6dee4f1b, org.springframework.boot.test.context.filter.ExcludeFilterContextCustomizer@134d26af, org.springframework.boot.test.json.DuplicateJsonObjectContextCustomizerFactory$DuplicateJsonObjectContextCustomizer@4fad9bb2, org.springframework.boot.test.mock.mockito.MockitoContextCustomizer@0, org.springframework.boot.test.web.client.TestRestTemplateContextCustomizer@331acdad, org.springframework.boot.test.context.SpringBootTestArgs@1, org.springframework.boot.test.context.SpringBootTestWebEnvironment@2fb3536e], resourceBasePath = 'src/main/webapp', contextLoader = 'org.springframework.boot.test.context.SpringBootContextLoader', parent = [null]], attributes = map['org.springframework.test.context.web.ServletTestExecutionListener.activateListener' -> true]], class annotated with @DirtiesContext [false] with mode [null].

  .   ____          _            __ _ _
 /\\ / ___'_ __ _ _(_)_ __  __ _ \ \ \ \
( ( )\___ | '_ | '_| | '_ \/ _` | \ \ \ \
 \\/  ___)| |_)| | | | | || (_| |  ) ) ) )
  '  |____| .__|_| |_|_| |_\__, | / / / /
 =========|_|==============|___/=/_/_/_/
 :: Spring Boot ::               (v2.7.11)

2023-06-03 16:59:54.209  INFO 21800 --- [    Test worker] b.s.mobilele.MobileleApplicationTests    : Starting MobileleApplicationTests using Java 19.0.2 on DESKTOP-EMH887U with PID 21800 (started by yorda in C:\Users\yorda\Desktop\Softuni\SprungFundamentalsMay2022\Mobile Projekt\Mobile)
2023-06-03 16:59:54.211  INFO 21800 --- [    Test worker] b.s.mobilele.MobileleApplicationTests    : No active profile set, falling back to 1 default profile: "default"
2023-06-03 16:59:54.851  INFO 21800 --- [    Test worker] .s.d.r.c.RepositoryConfigurationDelegate : Bootstrapping Spring Data JPA repositories in DEFAULT mode.
2023-06-03 16:59:54.905  INFO 21800 --- [    Test worker] .s.d.r.c.RepositoryConfigurationDelegate : Finished Spring Data repository scanning in 47 ms. Found 4 JPA repository interfaces.
2023-06-03 16:59:55.330  INFO 21800 --- [    Test worker] com.zaxxer.hikari.HikariDataSource       : HikariPool-1 - Starting...
2023-06-03 16:59:55.572  INFO 21800 --- [    Test worker] com.zaxxer.hikari.HikariDataSource       : HikariPool-1 - Start completed.
2023-06-03 16:59:55.676  INFO 21800 --- [    Test worker] o.hibernate.jpa.internal.util.LogHelper  : HHH000204: Processing PersistenceUnitInfo [name: default]
2023-06-03 16:59:55.759  INFO 21800 --- [    Test worker] org.hibernate.Version                    : HHH000412: Hibernate ORM core version 5.6.15.Final
2023-06-03 16:59:55.921  INFO 21800 --- [    Test worker] o.hibernate.annotations.common.Version   : HCANN000001: Hibernate Commons Annotations {5.1.2.Final}
2023-06-03 16:59:55.999  INFO 21800 --- [    Test worker] org.hibernate.dialect.Dialect            : HHH000400: Using dialect: org.hibernate.dialect.MySQL8Dialect
2023-06-03 16:59:56.612  INFO 21800 --- [    Test worker] o.h.e.t.j.p.i.JtaPlatformInitiator       : HHH000490: Using JtaPlatform implementation: [org.hibernate.engine.transaction.jta.platform.internal.NoJtaPlatform]
2023-06-03 16:59:56.621  INFO 21800 --- [    Test worker] j.LocalContainerEntityManagerFactoryBean : Initialized JPA EntityManagerFactory for persistence unit 'default'
2023-06-03 16:59:57.235  INFO 21800 --- [    Test worker] o.s.s.web.DefaultSecurityFilterChain     : Will secure any request with [org.springframework.security.web.session.DisableEncodeUrlFilter@b859355, org.springframework.security.web.context.request.async.WebAsyncManagerIntegrationFilter@1f24e33d, org.springframework.security.web.context.SecurityContextPersistenceFilter@7091a016, org.springframework.security.web.header.HeaderWriterFilter@1299c874, org.springframework.security.web.csrf.CsrfFilter@317fa5dd, org.springframework.security.web.authentication.logout.LogoutFilter@127320df, org.springframework.security.web.authentication.UsernamePasswordAuthenticationFilter@10f384a2, org.springframework.security.web.savedrequest.RequestCacheAwareFilter@23e297d9, org.springframework.security.web.servletapi.SecurityContextHolderAwareRequestFilter@5e8e02a3, org.springframework.security.web.authentication.AnonymousAuthenticationFilter@7c3223aa, org.springframework.security.web.session.SessionManagementFilter@6d84ab90, org.springframework.security.web.access.ExceptionTranslationFilter@6ac4f31d, org.springframework.security.web.access.intercept.FilterSecurityInterceptor@489b7559]
2023-06-03 16:59:57.414  WARN 21800 --- [    Test worker] JpaBaseConfiguration$JpaWebConfiguration : spring.jpa.open-in-view is enabled by default. Therefore, database queries may be performed during view rendering. Explicitly configure spring.jpa.open-in-view to disable this warning
2023-06-03 16:59:57.658  INFO 21800 --- [    Test worker] o.s.b.a.w.s.WelcomePageHandlerMapping    : Adding welcome page template: index
2023-06-03 16:59:58.015  INFO 21800 --- [    Test worker] b.s.mobilele.MobileleApplicationTests    : Started MobileleApplicationTests in 4.015 seconds (JVM running for 4.879)
]]></system-out>
  <system-err><![CDATA[]]></system-err>
</testsuite>
